<?xml version="1.0" encoding="UTF-8"?>
<!-- Generated by org.testng.reporters.JUnitReportReporter -->
<testsuite hostname="Mukatdeer" failures="0" tests="2" name="com.simplesurance.testCases.TC_ListPolicy_003" time="20.945" errors="0" timestamp="03 May 2022 06:33:59 GMT" skipped="0">
  <testcase classname="com.simplesurance.testCases.TC_ListPolicy_003" name="loginTest" time="1.794"/>
  <testcase classname="com.simplesurance.testCases.TC_ListPolicy_003" name="searchByEmail" time="19.151"/>
</testsuite> <!-- com.simplesurance.testCases.TC_ListPolicy_003 -->
