<?xml version="1.0" encoding="UTF-8"?>
<!-- Generated by org.testng.reporters.JUnitReportReporter -->
<testsuite hostname="Mukatdeer" failures="0" tests="2" name="com.simplesurance.testCases.TC_CreatePolicy_001" time="52.693" errors="0" timestamp="03 May 2022 06:37:48 GMT" skipped="0">
  <testcase classname="com.simplesurance.testCases.TC_CreatePolicy_001" name="loginTest" time="1.816"/>
  <testcase classname="com.simplesurance.testCases.TC_CreatePolicy_001" name="createPolicy" time="50.877"/>
</testsuite> <!-- com.simplesurance.testCases.TC_CreatePolicy_001 -->
