<?xml version="1.0" encoding="UTF-8"?>
<!-- Generated by org.testng.reporters.JUnitReportReporter -->
<testsuite hostname="Mukatdeer" failures="0" tests="2" name="com.simplesurance.testCases.TC_ImportPolicy_002" time="24.673" errors="0" timestamp="03 May 2022 06:36:08 GMT" skipped="0">
  <testcase classname="com.simplesurance.testCases.TC_ImportPolicy_002" name="loginTest" time="1.725"/>
  <testcase classname="com.simplesurance.testCases.TC_ImportPolicy_002" name="importPolicy" time="22.948"/>
</testsuite> <!-- com.simplesurance.testCases.TC_ImportPolicy_002 -->
